Determining if the pthread_create exist failed with the following output:
Change Dir: /media/nvidia/2A3E-EEBE/修士論文/Autoware/ソースコード/Path_Planning/build/CMakeFiles/CMakeTmp

Run Build Command:"/usr/bin/make" "cmTC_302db/fast"
/usr/bin/make -f CMakeFiles/cmTC_302db.dir/build.make CMakeFiles/cmTC_302db.dir/build
make[1]: ディレクトリ '/media/nvidia/2A3E-EEBE/修士論文/Autoware/ソースコード/Path_Planning/build/CMakeFiles/CMakeTmp' に入ります
Building C object CMakeFiles/cmTC_302db.dir/CheckSymbolExists.c.o
/usr/bin/cc     -o CMakeFiles/cmTC_302db.dir/CheckSymbolExists.c.o   -c /media/nvidia/2A3E-EEBE/修士論文/Autoware/ソースコード/Path_Planning/build/CMakeFiles/CMakeTmp/CheckSymbolExists.c
Linking C executable cmTC_302db
/usr/bin/cmake -E cmake_link_script CMakeFiles/cmTC_302db.dir/link.txt --verbose=1
/usr/bin/cc       CMakeFiles/cmTC_302db.dir/CheckSymbolExists.c.o  -o cmTC_302db -rdynamic 
CMakeFiles/cmTC_302db.dir/CheckSymbolExists.c.o: 関数 `main' 内:
CheckSymbolExists.c:(.text+0x16): `pthread_create' に対する定義されていない参照です
collect2: error: ld returned 1 exit status
CMakeFiles/cmTC_302db.dir/build.make:97: ターゲット 'cmTC_302db' のレシピで失敗しました
make[1]: *** [cmTC_302db] エラー 1
make[1]: ディレクトリ '/media/nvidia/2A3E-EEBE/修士論文/Autoware/ソースコード/Path_Planning/build/CMakeFiles/CMakeTmp' から出ます
Makefile:126: ターゲット 'cmTC_302db/fast' のレシピで失敗しました
make: *** [cmTC_302db/fast] エラー 2

File /media/nvidia/2A3E-EEBE/修士論文/Autoware/ソースコード/Path_Planning/build/CMakeFiles/CMakeTmp/CheckSymbolExists.c:
/* */
#include <pthread.h>

int main(int argc, char** argv)
{
  (void)argv;
#ifndef pthread_create
  return ((int*)(&pthread_create))[argc];
#else
  (void)argc;
  return 0;
#endif
}

Determining if the function pthread_create exists in the pthreads failed with the following output:
Change Dir: /media/nvidia/2A3E-EEBE/修士論文/Autoware/ソースコード/Path_Planning/build/CMakeFiles/CMakeTmp

Run Build Command:"/usr/bin/make" "cmTC_5cf14/fast"
/usr/bin/make -f CMakeFiles/cmTC_5cf14.dir/build.make CMakeFiles/cmTC_5cf14.dir/build
make[1]: ディレクトリ '/media/nvidia/2A3E-EEBE/修士論文/Autoware/ソースコード/Path_Planning/build/CMakeFiles/CMakeTmp' に入ります
Building C object CMakeFiles/cmTC_5cf14.dir/CheckFunctionExists.c.o
/usr/bin/cc    -DCHECK_FUNCTION_EXISTS=pthread_create   -o CMakeFiles/cmTC_5cf14.dir/CheckFunctionExists.c.o   -c /usr/share/cmake-3.5/Modules/CheckFunctionExists.c
Linking C executable cmTC_5cf14
/usr/bin/cmake -E cmake_link_script CMakeFiles/cmTC_5cf14.dir/link.txt --verbose=1
/usr/bin/cc   -DCHECK_FUNCTION_EXISTS=pthread_create    CMakeFiles/cmTC_5cf14.dir/CheckFunctionExists.c.o  -o cmTC_5cf14 -rdynamic -lpthreads 
/usr/bin/ld: -lpthreads が見つかりません
collect2: error: ld returned 1 exit status
CMakeFiles/cmTC_5cf14.dir/build.make:97: ターゲット 'cmTC_5cf14' のレシピで失敗しました
make[1]: *** [cmTC_5cf14] エラー 1
make[1]: ディレクトリ '/media/nvidia/2A3E-EEBE/修士論文/Autoware/ソースコード/Path_Planning/build/CMakeFiles/CMakeTmp' から出ます
Makefile:126: ターゲット 'cmTC_5cf14/fast' のレシピで失敗しました
make: *** [cmTC_5cf14/fast] エラー 2


